TN:
SF:/usr/include/x86_64-linux-gnu/bits/stdio2.h
DA:71,0
end_of_record
SF:/usr/include/x86_64-linux-gnu/bits/string_fortified.h
DA:59,0
DA:95,0
end_of_record
SF:/home/dragon/LightFTP/Source/fspathtools.c
FN:15,filepath
FNDA:0,filepath
FN:53,ftp_normalize_path
FNDA:0,ftp_normalize_path
FN:163,ftp_effective_path
FNDA:0,ftp_effective_path
DA:15,0
DA:19,0
DA:24,0
DA:26,0
DA:30,0
DA:31,0
DA:33,0
DA:36,0
DA:38,0
DA:53,0
DA:60,0
DA:63,0
DA:65,0
DA:66,0
DA:67,0
DA:68,0
DA:73,0
DA:75,0
DA:76,0
DA:78,0
DA:80,0
DA:83,0
DA:86,0
DA:89,0
DA:91,0
DA:92,0
DA:93,0
DA:94,0
DA:100,0
DA:101,0
DA:102,0
DA:103,0
DA:104,0
DA:106,0
DA:107,0
DA:115,0
DA:116,0
DA:123,0
DA:126,0
DA:129,0
DA:131,0
DA:137,0
DA:138,0
DA:139,0
DA:140,0
DA:141,0
DA:144,0
DA:145,0
DA:149,0
DA:152,0
DA:153,0
DA:156,0
DA:159,0
DA:160,0
DA:163,0
DA:172,0
DA:175,0
DA:177,0
DA:182,0
DA:185,0
DA:189,0
DA:192,0
DA:193,0
DA:195,0
DA:196,0
end_of_record
TN:
SF:/usr/include/x86_64-linux-gnu/bits/stdio2.h
DA:71,0
DA:112,0
end_of_record
SF:/usr/include/x86_64-linux-gnu/bits/socket2.h
DA:36,0
DA:37,0
DA:38,0
DA:39,0
DA:40,0
DA:41,0
end_of_record
SF:/usr/include/x86_64-linux-gnu/bits/unistd.h
DA:38,0
end_of_record
SF:/usr/include/x86_64-linux-gnu/bits/string_fortified.h
DA:59,0
DA:79,0
DA:95,0
end_of_record
SF:/home/dragon/LightFTP/Source/ftpserv.c
FN:44,cleanup_handler
FNDA:0,cleanup_handler
FN:52,sendstring_plaintext
FNDA:0,sendstring_plaintext
FN:57,ftp_shutdown_tls_session
FNDA:0,ftp_shutdown_tls_session
FN:65,ftp_init_tls_session
FNDA:0,ftp_init_tls_session
FN:111,create_datasocket
FNDA:0,create_datasocket
FN:155,sendstring
FNDA:0,sendstring
FN:165,sendstring_auto
FNDA:0,sendstring_auto
FN:175,send_auto
FNDA:0,send_auto
FN:183,recv_auto
FNDA:0,recv_auto
FN:191,writeconsolestr
FNDA:0,writeconsolestr
FN:202,writelogentry
FNDA:0,writelogentry
FN:227,worker_thread_cleanup
FNDA:0,worker_thread_cleanup
FN:264,worker_thread_start
FNDA:0,worker_thread_start
FN:289,ftpUSER
FNDA:0,ftpUSER
FN:305,ftpQUIT
FNDA:0,ftpQUIT
FN:318,ftpNOOP
FNDA:0,ftpNOOP
FN:323,ftpPWD
FNDA:0,ftpPWD
FN:332,ftpTYPE
FNDA:0,ftpTYPE
FN:355,ftpPORT
FNDA:0,ftpPORT
FN:448,strmode
FNDA:0,strmode
FN:474,list_sub
FNDA:0,list_sub
FN:520,list_thread
FNDA:0,list_thread
FN:583,ftpLIST
FNDA:0,ftpLIST
FN:619,ftpCDUP
FNDA:0,ftpCDUP
FN:633,ftpCWD
FNDA:0,ftpCWD
FN:658,retr_thread
FNDA:0,retr_thread
FN:783,ftpRETR
FNDA:0,ftpRETR
FN:810,ftpABOR
FNDA:0,ftpABOR
FN:820,ftpDELE
FNDA:0,ftpDELE
FN:841,pasv
FNDA:0,pasv
FN:920,ftpEPSV
FNDA:0,ftpEPSV
FN:934,ftpPASV
FNDA:0,ftpPASV
FN:953,ftpPASS
FNDA:0,ftpPASS
FN:1005,ftpREST
FNDA:0,ftpREST
FN:1021,ftpSIZE
FNDA:0,ftpSIZE
FN:1044,ftpMKD
FNDA:0,ftpMKD
FN:1065,ftpRMD
FNDA:0,ftpRMD
FN:1086,stor_thread
FNDA:0,stor_thread
FN:1201,ftpSTOR
FNDA:0,ftpSTOR
FN:1232,ftpSYST
FNDA:0,ftpSYST
FN:1237,ftpHELP
FNDA:0,ftpHELP
FN:1242,isoctaldigit
FNDA:0,isoctaldigit
FN:1247,parseCHMOD
FNDA:0,parseCHMOD
FN:1273,ftpSITE
FNDA:0,ftpSITE
FN:1292,ftpFEAT
FNDA:0,ftpFEAT
FN:1297,append_thread
FNDA:0,append_thread
FN:1303,ftpAPPE
FNDA:0,ftpAPPE
FN:1334,ftpRNFR
FNDA:0,ftpRNFR
FN:1358,ftpRNTO
FNDA:0,ftpRNTO
FN:1380,ftpOPTS
FNDA:0,ftpOPTS
FN:1390,ftpAUTH
FNDA:0,ftpAUTH
FN:1405,ftpPBSZ
FNDA:0,ftpPBSZ
FN:1417,ftpPROT
FNDA:0,ftpPROT
FN:1445,mlsd_sub
FNDA:0,mlsd_sub
FN:1494,mlsd_thread
FNDA:0,mlsd_thread
FN:1500,ftpMLSD
FNDA:0,ftpMLSD
FN:1525,recvcmd
FNDA:0,recvcmd
FN:1559,ftp_client_thread
FNDA:0,ftp_client_thread
FN:1691,socket_set_keepalive
FNDA:0,socket_set_keepalive
FN:1710,ftpmain
FNDA:0,ftpmain
DA:44,0
DA:48,0
DA:49,0
DA:50,0
DA:52,0
DA:54,0
DA:57,0
DA:59,0
DA:60,0
DA:61,0
DA:63,0
DA:65,0
DA:68,0
DA:70,0
DA:73,0
DA:76,0
DA:78,0
DA:81,0
DA:84,0
DA:85,0
DA:86,0
DA:87,0
DA:89,0
DA:90,0
DA:93,0
DA:94,0
DA:96,0
DA:99,0
DA:100,0
DA:103,0
DA:105,0
DA:106,0
DA:111,0
DA:119,0
DA:120,0
DA:121,0
DA:122,0
DA:123,0
DA:126,0
DA:127,0
DA:128,0
DA:129,0
DA:130,0
DA:131,0
DA:135,0
DA:136,0
DA:137,0
DA:138,0
DA:139,0
DA:141,0
DA:144,0
DA:145,0
DA:146,0
DA:147,0
DA:155,0
DA:157,0
DA:159,0
DA:160,0
DA:162,0
DA:165,0
DA:167,0
DA:169,0
DA:170,0
DA:172,0
DA:175,0
DA:177,0
DA:178,0
DA:180,0
DA:183,0
DA:185,0
DA:186,0
DA:188,0
DA:191,0
DA:193,0
DA:196,0
DA:197,0
DA:199,0
DA:202,0
DA:205,0
DA:208,0
DA:210,0
DA:212,0
DA:213,0
DA:218,0
DA:219,0
DA:224,0
DA:227,0
DA:230,0
DA:232,0
DA:237,0
DA:238,0
DA:240,0
DA:241,0
DA:243,0
DA:244,0
DA:247,0
DA:250,0
DA:251,0
DA:252,0
DA:255,0
DA:256,0
DA:257,0
DA:260,0
DA:261,0
DA:262,0
DA:264,0
DA:269,0
DA:270,0
DA:272,0
DA:273,0
DA:274,0
DA:275,0
DA:277,0
DA:278,0
DA:279,0
DA:282,0
DA:283,0
DA:286,0
DA:287,0
DA:289,0
DA:291,0
DA:292,0
DA:294,0
DA:296,0
DA:297,0
DA:298,0
DA:302,0
DA:305,0
DA:309,0
DA:312,0
DA:315,0
DA:318,0
DA:320,0
DA:323,0
DA:325,0
DA:326,0
DA:328,0
DA:329,0
DA:332,0
DA:334,0
DA:335,0
DA:337,0
DA:338,0
DA:340,0
DA:342,0
DA:344,0
DA:346,0
DA:348,0
DA:350,0
DA:351,0
DA:355,0
DA:361,0
DA:362,0
DA:364,0
DA:365,0
DA:367,0
DA:368,0
DA:369,0
DA:370,0
DA:371,0
DA:373,0
DA:376,0
DA:377,0
DA:378,0
DA:379,0
DA:380,0
DA:382,0
DA:385,0
DA:386,0
DA:388,0
DA:389,0
DA:390,0
DA:392,0
DA:423,0
DA:425,0
DA:429,0
DA:431,0
DA:433,0
DA:435,0
DA:439,0
DA:440,0
DA:448,0
DA:450,0
DA:451,0
DA:452,0
DA:453,0
DA:454,0
DA:455,0
DA:456,0
DA:457,0
DA:458,0
DA:459,0
DA:460,0
DA:461,0
DA:462,0
DA:463,0
DA:464,0
DA:465,0
DA:466,0
DA:467,0
DA:468,0
DA:474,0
DA:481,0
DA:483,0
DA:488,0
DA:490,0
DA:492,0
DA:493,0
DA:495,0
DA:496,0
DA:498,0
DA:499,0
DA:500,0
DA:501,0
DA:506,0
DA:508,0
DA:509,0
DA:510,0
DA:511,0
DA:512,0
DA:517,0
DA:520,0
DA:527,0
DA:529,0
DA:530,0
DA:531,0
DA:533,0
DA:535,0
DA:536,0
DA:538,0
DA:539,0
DA:542,0
DA:543,0
DA:546,0
DA:547,0
DA:548,0
DA:550,0
DA:551,0
DA:555,0
DA:559,0
DA:561,0
DA:563,0
DA:564,0
DA:567,0
DA:568,0
DA:570,0
DA:572,0
DA:573,0
DA:576,0
DA:577,0
DA:578,0
DA:579,0
DA:580,0
DA:583,0
DA:587,0
DA:588,0
DA:589,0
DA:590,0
DA:592,0
DA:594,0
DA:598,0
DA:600,0
DA:602,0
DA:605,0
DA:606,0
DA:607,0
DA:608,0
DA:611,0
DA:619,0
DA:621,0
DA:622,0
DA:624,0
DA:625,0
DA:627,0
DA:629,0
DA:630,0
DA:633,0
DA:637,0
DA:638,0
DA:640,0
DA:641,0
DA:643,0
DA:645,0
DA:646,0
DA:648,0
DA:651,0
DA:652,0
DA:655,0
DA:658,0
DA:669,0
DA:671,0
DA:672,0
DA:673,0
DA:679,0
DA:680,0
DA:681,0
DA:682,0
DA:685,0
DA:686,0
DA:688,0
DA:689,0
DA:692,0
DA:694,0
DA:697,0
DA:704,0
DA:705,0
DA:706,0
DA:709,0
DA:710,0
DA:714,0
DA:716,0
DA:719,0
DA:725,0
DA:727,0
DA:738,0
DA:739,0
DA:740,0
DA:742,0
DA:743,0
DA:745,0
DA:746,0
DA:747,0
DA:752,0
DA:753,0
DA:755,0
DA:757,0
DA:758,0
DA:761,0
DA:763,0
DA:764,0
DA:767,0
DA:768,0
DA:770,0
DA:772,0
DA:773,0
DA:776,0
DA:777,0
DA:778,0
DA:779,0
DA:780,0
DA:783,0
DA:787,0
DA:788,0
DA:789,0
DA:790,0
DA:791,0
DA:792,0
DA:794,0
DA:796,0
DA:798,0
DA:801,0
DA:802,0
DA:803,0
DA:804,0
DA:807,0
DA:810,0
DA:812,0
DA:813,0
DA:815,0
DA:816,0
DA:817,0
DA:820,0
DA:822,0
DA:823,0
DA:824,0
DA:825,0
DA:826,0
DA:827,0
DA:829,0
DA:831,0
DA:832,0
DA:833,0
DA:836,0
DA:841,0
DA:851,0
DA:853,0
DA:854,0
DA:857,0
DA:859,0
DA:860,0
DA:863,0
DA:864,0
DA:866,0
DA:868,0
DA:869,0
DA:871,0
DA:872,0
DA:875,0
DA:876,0
DA:878,0
DA:879,0
DA:881,0
DA:882,0
DA:883,0
DA:887,0
DA:888,0
DA:889,0
DA:890,0
DA:893,0
DA:894,0
DA:895,0
DA:896,0
DA:897,0
DA:900,0
DA:902,0
DA:903,0
DA:905,0
DA:906,0
DA:909,0
DA:910,0
DA:911,0
DA:914,0
DA:917,0
DA:920,0
DA:922,0
DA:925,0
DA:927,0
DA:929,0
DA:931,0
DA:934,0
DA:936,0
DA:939,0
DA:942,0
DA:943,0
DA:944,0
DA:946,0
DA:948,0
DA:950,0
DA:953,0
DA:957,0
DA:958,0
DA:965,0
DA:966,0
DA:968,0
DA:970,0
DA:973,0
DA:974,0
DA:976,0
DA:979,0
DA:980,0
DA:981,0
DA:984,0
DA:985,0
DA:986,0
DA:989,0
DA:990,0
DA:991,0
DA:994,0
DA:997,0
DA:1000,0
DA:1002,0
DA:1005,0
DA:1007,0
DA:1008,0
DA:1010,0
DA:1011,0
DA:1013,0
DA:1014,0
DA:1018,0
DA:1021,0
DA:1025,0
DA:1026,0
DA:1027,0
DA:1028,0
DA:1030,0
DA:1032,0
DA:1034,0
DA:1035,0
DA:1036,0
DA:1039,0
DA:1044,0
DA:1046,0
DA:1047,0
DA:1048,0
DA:1049,0
DA:1050,0
DA:1051,0
DA:1053,0
DA:1055,0
DA:1056,0
DA:1057,0
DA:1060,0
DA:1065,0
DA:1067,0
DA:1068,0
DA:1069,0
DA:1070,0
DA:1071,0
DA:1072,0
DA:1074,0
DA:1076,0
DA:1077,0
DA:1078,0
DA:1081,0
DA:1086,0
DA:1096,0
DA:1098,0
DA:1099,0
DA:1100,0
DA:1105,0
DA:1106,0
DA:1107,0
DA:1108,0
DA:1111,0
DA:1112,0
DA:1114,0
DA:1115,0
DA:1118,0
DA:1120,0
DA:1123,0
DA:1130,0
DA:1131,0
DA:1133,0
DA:1135,0
DA:1136,0
DA:1139,0
DA:1141,0
DA:1142,0
DA:1143,0
DA:1145,0
DA:1146,0
DA:1147,0
DA:1156,0
DA:1157,0
DA:1158,0
DA:1160,0
DA:1161,0
DA:1163,0
DA:1164,0
DA:1165,0
DA:1170,0
DA:1171,0
DA:1173,0
DA:1175,0
DA:1176,0
DA:1179,0
DA:1181,0
DA:1182,0
DA:1185,0
DA:1186,0
DA:1188,0
DA:1190,0
DA:1191,0
DA:1194,0
DA:1195,0
DA:1196,0
DA:1197,0
DA:1198,0
DA:1201,0
DA:1205,0
DA:1206,0
DA:1207,0
DA:1208,0
DA:1209,0
DA:1210,0
DA:1211,0
DA:1212,0
DA:1214,0
DA:1217,0
DA:1219,0
DA:1220,0
DA:1222,0
DA:1223,0
DA:1226,0
DA:1227,0
DA:1228,0
DA:1229,0
DA:1232,0
DA:1234,0
DA:1237,0
DA:1239,0
DA:1242,0
DA:1244,0
DA:1247,0
DA:1251,0
DA:1252,0
DA:1253,0
DA:1254,0
DA:1256,0
DA:1258,0
DA:1259,0
DA:1260,0
DA:1263,0
DA:1266,0
DA:1267,0
DA:1269,0
DA:1270,0
DA:1273,0
DA:1275,0
DA:1277,0
DA:1278,0
DA:1280,0
DA:1282,0
DA:1283,0
DA:1285,0
DA:1289,0
DA:1292,0
DA:1294,0
DA:1297,0
DA:1299,0
DA:1300,0
DA:1303,0
DA:1307,0
DA:1308,0
DA:1309,0
DA:1310,0
DA:1311,0
DA:1312,0
DA:1313,0
DA:1314,0
DA:1316,0
DA:1319,0
DA:1322,0
DA:1325,0
DA:1326,0
DA:1327,0
DA:1328,0
DA:1331,0
DA:1334,0
DA:1338,0
DA:1339,0
DA:1340,0
DA:1341,0
DA:1342,0
DA:1343,0
DA:1345,0
DA:1347,0
DA:1349,0
DA:1350,0
DA:1353,0
DA:1358,0
DA:1360,0
DA:1361,0
DA:1362,0
DA:1363,0
DA:1364,0
DA:1365,0
DA:1367,0
DA:1368,0
DA:1370,0
DA:1371,0
DA:1374,0
DA:1377,0
DA:1380,0
DA:1382,0
DA:1383,0
DA:1384,0
DA:1386,0
DA:1387,0
DA:1390,0
DA:1392,0
DA:1393,0
DA:1395,0
DA:1398,0
DA:1399,0
DA:1402,0
DA:1405,0
DA:1407,0
DA:1408,0
DA:1410,0
DA:1411,0
DA:1413,0
DA:1414,0
DA:1417,0
DA:1419,0
DA:1420,0
DA:1422,0
DA:1423,0
DA:1425,0
DA:1426,0
DA:1428,0
DA:1430,0
DA:1431,0
DA:1432,0
DA:1435,0
DA:1436,0
DA:1437,0
DA:1440,0
DA:1441,0
DA:1445,0
DA:1451,0
DA:1453,0
DA:1458,0
DA:1460,0
DA:1471,0
DA:1476,0
DA:1477,0
DA:1479,0
DA:1482,0
DA:1483,0
DA:1484,0
DA:1485,0
DA:1486,0
DA:1491,0
DA:1494,0
DA:1496,0
DA:1497,0
DA:1500,0
DA:1504,0
DA:1505,0
DA:1506,0
DA:1507,0
DA:1509,0
DA:1511,0
DA:1513,0
DA:1516,0
DA:1517,0
DA:1518,0
DA:1519,0
DA:1522,0
DA:1525,0
DA:1529,0
DA:1533,0
DA:1535,0
DA:1537,0
DA:1538,0
DA:1540,0
DA:1542,0
DA:1545,0
DA:1546,0
DA:1548,0
DA:1549,0
DA:1551,0
DA:1552,0
DA:1559,0
DA:1569,0
DA:1574,0
DA:1575,0
DA:1576,0
DA:1578,0
DA:1581,0
DA:1582,0
DA:1584,0
DA:1587,0
DA:1588,0
DA:1591,0
DA:1592,0
DA:1593,0
DA:1594,0
DA:1595,0
DA:1596,0
DA:1598,0
DA:1602,0
DA:1604,0
DA:1606,0
DA:1607,0
DA:1611,0
DA:1613,0
DA:1614,0
DA:1615,0
DA:1616,0
DA:1619,0
DA:1621,0
DA:1622,0
DA:1626,0
DA:1627,0
DA:1629,0
DA:1630,0
DA:1631,0
DA:1633,0
DA:1634,0
DA:1635,0
DA:1637,0
DA:1640,0
DA:1644,0
DA:1645,0
DA:1648,0
DA:1649,0
DA:1652,0
DA:1653,0
DA:1655,0
DA:1657,0
DA:1658,0
DA:1660,0
DA:1664,0
DA:1666,0
DA:1667,0
DA:1668,0
DA:1673,0
DA:1674,0
DA:1676,0
DA:1677,0
DA:1680,0
DA:1682,0
DA:1683,0
DA:1684,0
DA:1686,0
DA:1688,0
DA:1691,0
DA:1692,0
DA:1694,0
DA:1697,0
DA:1700,0
DA:1701,0
DA:1703,0
DA:1704,0
DA:1706,0
DA:1707,0
DA:1710,0
DA:1723,0
DA:1724,0
DA:1727,0
DA:1730,0
DA:1731,0
DA:1734,0
DA:1735,0
DA:1736,0
DA:1737,0
DA:1738,0
DA:1740,0
DA:1741,0
DA:1744,0
DA:1746,0
DA:1747,0
DA:1750,0
DA:1751,0
DA:1752,0
DA:1753,0
DA:1755,0
DA:1757,0
DA:1758,0
DA:1760,0
DA:1761,0
DA:1763,0
DA:1764,0
DA:1765,0
DA:1769,0
DA:1772,0
DA:1774,0
DA:1775,0
DA:1778,0
DA:1782,0
DA:1785,0
DA:1787,0
end_of_record
SF:/usr/include/x86_64-linux-gnu/bits/byteswap.h
DA:37,0
end_of_record
SF:/usr/include/x86_64-linux-gnu/bits/fcntl2.h
DA:53,0
end_of_record
TN:
SF:/usr/include/x86_64-linux-gnu/bits/stdio2.h
DA:112,0
end_of_record
SF:/usr/include/x86_64-linux-gnu/bits/string_fortified.h
DA:59,0
end_of_record
SF:/home/dragon/LightFTP/Source/x_malloc.c
FN:12,x_malloc
FNDA:0,x_malloc
DA:12,0
DA:16,0
DA:17,0
DA:20,0
DA:25,0
end_of_record
TN:
SF:/usr/include/x86_64-linux-gnu/bits/stdio2.h
DA:112,3
end_of_record
SF:/usr/include/x86_64-linux-gnu/bits/unistd.h
DA:166,0
end_of_record
SF:/usr/include/x86_64-linux-gnu/bits/string_fortified.h
DA:59,0
end_of_record
SF:/usr/include/x86_64-linux-gnu/bits/fcntl2.h
DA:53,0
end_of_record
SF:/home/dragon/LightFTP/Source/main.c
FN:30,main
FNDA:3,main
FN:169,ftp_tls_init
FNDA:0,ftp_tls_init
FN:199,ftp_tls_cleanup
FNDA:3,ftp_tls_cleanup
DA:30,3
DA:45,3
DA:46,1
DA:48,2
DA:50,3
DA:52,0
DA:54,0
DA:56,0
DA:57,0
DA:58,0
DA:60,0
DA:61,0
DA:62,0
DA:64,0
DA:65,0
DA:66,0
DA:68,0
DA:69,0
DA:70,0
DA:72,0
DA:73,0
DA:74,0
DA:76,0
DA:77,0
DA:78,0
DA:80,0
DA:81,0
DA:82,0
DA:84,0
DA:85,0
DA:86,0
DA:88,0
DA:89,0
DA:90,0
DA:91,0
DA:92,0
DA:95,0
DA:97,0
DA:98,0
DA:108,0
DA:109,0
DA:115,0
DA:118,0
DA:119,0
DA:123,0
DA:124,0
DA:125,0
DA:126,0
DA:127,0
DA:128,0
DA:130,0
DA:131,0
DA:132,0
DA:136,0
DA:138,0
DA:139,0
DA:146,0
DA:147,0
DA:148,0
DA:153,3
DA:156,0
DA:158,3
DA:159,0
DA:161,3
DA:162,0
DA:164,3
DA:166,3
DA:169,0
DA:171,0
DA:173,0
DA:176,0
DA:179,0
DA:182,0
DA:185,0
DA:189,0
DA:195,0
DA:197,0
DA:199,3
DA:206,3
DA:207,0
DA:209,3
DA:210,0
DA:212,3
DA:214,0
DA:215,0
DA:218,3
DA:219,3
end_of_record
TN:
SF:/usr/include/x86_64-linux-gnu/bits/fcntl2.h
DA:53,3
end_of_record
SF:/usr/include/x86_64-linux-gnu/bits/unistd.h
DA:38,0
end_of_record
SF:/home/dragon/LightFTP/Source/cfgparse.c
FN:17,skip_comments_and_blanks
FNDA:0,skip_comments_and_blanks
FN:49,config_parse
FNDA:0,config_parse
FN:202,config_init
FNDA:3,config_init
DA:17,0
DA:19,0
DA:22,0
DA:25,0
DA:27,0
DA:29,0
DA:31,0
DA:32,0
DA:35,0
DA:37,0
DA:44,0
DA:49,0
DA:59,0
DA:61,0
DA:63,0
DA:68,0
DA:73,0
DA:76,0
DA:78,0
DA:79,0
DA:85,0
DA:91,0
DA:92,0
DA:93,0
DA:94,0
DA:98,0
DA:99,0
DA:100,0
DA:102,0
DA:104,0
DA:110,0
DA:111,0
DA:116,0
DA:118,0
DA:121,0
DA:122,0
DA:127,0
DA:128,0
DA:129,0
DA:130,0
DA:134,0
DA:135,0
DA:136,0
DA:138,0
DA:140,0
DA:143,0
DA:144,0
DA:146,0
DA:149,0
DA:151,0
DA:156,0
DA:160,0
DA:161,0
DA:164,0
DA:165,0
DA:167,0
DA:168,0
DA:173,0
DA:176,0
DA:179,0
DA:184,0
DA:186,0
DA:190,0
DA:193,0
DA:202,3
DA:209,3
DA:211,0
DA:212,0
DA:214,0
DA:217,0
DA:218,0
DA:221,3
DA:222,0
DA:224,3
end_of_record
